<?xml version="1.0" encoding="UTF-8"?>
<!-- Generated by org.testng.reporters.JUnitReportReporter -->
<testsuite hostname="PRADARSH" failures="0" tests="1" name="sample.Demo" time="0.014" errors="0" timestamp="2023-04-12T10:25:43 IST" skipped="0">
  <testcase classname="sample.Demo" name="demo" time="0.014"/>
  <system-out/>
</testsuite> <!-- sample.Demo -->
